<?xml version="1.0" encoding="UTF-8"?>
<testsuite xmlns:xsi="http://www.w3.org/2001/XMLSchema-instance" xsi:noNamespaceSchemaLocation="https://maven.apache.org/surefire/maven-surefire-plugin/xsd/surefire-test-report-3.0.xsd" version="3.0" name="DMS.InventoryTest" time="0.05" tests="6" errors="0" skipped="0" failures="0">
  <properties>
[...]
</properties>
  <testcase name="getTotalValue" classname="DMS.InventoryTest" time="0.004"/>
  <testcase name="updateAccessory" classname="DMS.InventoryTest" time="0.0"/>
  <testcase name="getTotalMP" classname="DMS.InventoryTest" time="0.0"/>
  <testcase name="removeAccessory" classname="DMS.InventoryTest" time="0.0"/>
  <testcase name="getAccessoryList" classname="DMS.InventoryTest" time="0.0"/>
  <testcase name="addAccessory" classname="DMS.InventoryTest" time="0.0"/>
</testsuite>